app/build/outputs/mapping/release/seeds.txt
com.gal.data.local.LocalDataSource$albums$lambda$4$$inlined$sortedByDescending$1
com.gal.data.local.LocalDataSource_Factory
com.gal.ui.screens.viewer.MediaViewerViewModel
com.gal.data.local.LocalDataSource$observeQuery$1$WhenMappings
com.gal.data.local.LocalDataSource$albums$$inlined$map$1
com.gal.ui.screens.albums.AlbumViewModel
com.gal.data.local.LocalDataSource$search$$inlined$map$1$2
com.gal.data.local.LocalDataSource$albums$$inlined$map$1$2
com.gal.ui.screens.trash.TrashViewModel
com.gal.ui.screens.timeline.TimelineViewModel
com.gal.GalApplication
com.gal.MainActivity_GeneratedInjector
com.gal.data.local.LocalDataSource$observeQuery$1
com.gal.data.local.LocalDataSource$observeQuery$1$observer$1
com.gal.data.local.LocalDataSource$search$$inlined$map$1$2$1
com.gal.data.local.LocalDataSource$search$$inlined$map$1
com.gal.ui.screens.editor.EditActivity
com.gal.MainActivity
com.gal.ui.screens.search.SearchViewModel
com.gal.data.local.LocalDataSource
com.gal.ui.screens.albums.AlbumsViewModel
com.gal.GalApplication_GeneratedInjector
com.gal.data.local.LocalDataSource$albums$$inlined$map$1$2$1
com.gal.ui.screens.settings.SettingsViewModel
com.gal.data.local.LocalDataSource$search$$inlined$map$1$2: java.lang.String $query$inlined
com.gal.data.local.LocalDataSource$search$$inlined$map$1: java.lang.String $query$inlined
com.gal.data.local.LocalDataSource$observeQuery$1$observer$1: java.lang.String[] $selectionArgs
com.gal.data.local.LocalDataSource$observeQuery$1: java.lang.String $sortOrder
com.gal.data.local.LocalDataSource$observeQuery$1: java.lang.String $selection
com.gal.data.local.LocalDataSource$observeQuery$1: java.lang.String[] $selectionArgs
com.gal.data.local.LocalDataSource_Factory: dagger.internal.Provider contentResolverProvider
com.gal.data.local.LocalDataSource$observeQuery$1: com.gal.data.local.LocalDataSource this$0
com.gal.data.local.LocalDataSource: int $stable
com.gal.data.local.LocalDataSource$observeQuery$1: int label
com.gal.data.local.LocalDataSource$albums$$inlined$map$1$2$1: int label
com.gal.data.local.LocalDataSource$albums$$inlined$map$1: kotlinx.coroutines.flow.Flow $this_unsafeTransform$inlined
com.gal.data.local.LocalDataSource$search$$inlined$map$1$2$1: java.lang.Object result
com.gal.data.local.LocalDataSource$albums$$inlined$map$1$2$1: java.lang.Object result
com.gal.data.local.LocalDataSource$search$$inlined$map$1$2: kotlinx.coroutines.flow.FlowCollector $this_unsafeFlow
com.gal.data.local.LocalDataSource$observeQuery$1$observer$1: java.lang.String $sortOrder
com.gal.data.local.LocalDataSource$observeQuery$1$observer$1: java.lang.String $selection
com.gal.data.local.LocalDataSource$albums$$inlined$map$1$2: kotlinx.coroutines.flow.FlowCollector $this_unsafeFlow
com.gal.data.local.LocalDataSource$search$$inlined$map$1: kotlinx.coroutines.flow.Flow $this_unsafeTransform$inlined
com.gal.data.local.LocalDataSource$albums$$inlined$map$1$2$1: com.gal.data.local.LocalDataSource$albums$$inlined$map$1$2 this$0
com.gal.data.local.LocalDataSource: android.content.ContentResolver contentResolver
com.gal.data.local.LocalDataSource$observeQuery$1$observer$1: kotlinx.coroutines.channels.ProducerScope $$this$callbackFlow
com.gal.data.local.LocalDataSource$albums$lambda$4$$inlined$sortedByDescending$1: java.util.List $mediaList$inlined
com.gal.data.local.LocalDataSource$search$$inlined$map$1$2$1: int label
com.gal.data.local.LocalDataSource$observeQuery$1: java.lang.Object L$0
com.gal.data.local.LocalDataSource$observeQuery$1$observer$1: com.gal.data.local.LocalDataSource this$0
com.gal.data.local.LocalDataSource$search$$inlined$map$1$2$1: com.gal.data.local.LocalDataSource$search$$inlined$map$1$2 this$0
com.gal.data.local.LocalDataSource$albums$$inlined$map$1$2$1: java.lang.Object L$0
com.gal.data.local.LocalDataSource: android.net.Uri filesUri
com.gal.data.local.LocalDataSource$observeQuery$1$WhenMappings: int[] $EnumSwitchMapping$0
...
androidx.media3.exoplayer.MediaPeriodHolder: void continueLoading(androidx.media3.exoplayer.LoadingInfo)
androidx.media3.exoplayer.mediacodec.MediaCodecRenderer$MediaCodecRendererCodecAdapterListener: void onInputBufferAvailable()
androidx.media3.common.AudioAttributes: androidx.media3.common.AudioAttributes$AudioAttributesV21 getAudioAttributesV21()
androidx.media3.exoplayer.analytics.DefaultAnalyticsCollector: void lambda$onTracksChanged$34(androidx.media3.exoplayer.analytics.AnalyticsListener$EventTime,androidx.media3.common.Tracks,androidx.media3.exoplayer.analytics.AnalyticsListener)
androidx.appcompat.widget.AppCompatImageButton: android.content.res.ColorStateList getSupportBackgroundTintList()
androidx.appcompat.widget.AppCompatSpinner: int getDropDownVerticalOffset()
androidx.media3.exoplayer.offline.DefaultDownloadIndex: void setStopReason(java.lang.String,int)
androidx.media3.datasource.TeeDataSource: long open(androidx.media3.datasource.DataSpec)
androidx.media3.common.audio.SynchronizedSonicAudioProcessor: java.nio.ByteBuffer getOutput()
androidx.media3.exoplayer.source.WrappingMediaSource: void prepareSourceInternal()
androidx.media3.extractor.metadata.id3.PrivFrame: void writeToParcel(android.os.Parcel,int)
androidx.media3.exoplayer.BaseRenderer: androidx.media3.exoplayer.MediaClock getMediaClock()
androidx.media3.extractor.ts.H263Reader: androidx.media3.common.Format parseCsdBuffer(androidx.media3.extractor.ts.H263Reader$CsdBuffer,int,java.lang.String)
androidx.media3.exoplayer.audio.AudioSink$Listener: void onPositionAdvancing(long)
androidx.window.embedding.EmbeddingInterfaceCompat: android.app.ActivityOptions setLaunchingActivityStack(android.app.ActivityOptions,android.os.IBinder)
androidx.media3.exoplayer.source.chunk.ChunkSampleStream$EmbeddedSampleStream: int skipData(long)
androidx.compose.ui.platform.AndroidComposeView: boolean getScrollCaptureInProgress$ui_release()
androidx.media3.exoplayer.audio.AudioOffloadSupport$Builder: boolean access$100(androidx.media3.exoplayer.audio.AudioOffloadSupport$Builder)
androidx.media3.common.PriorityTaskManager: void proceed(int)
androidx.media3.extractor.metadata.scte35.SpliceCommand: SpliceCommand()
androidx.media3.exoplayer.upstream.CmcdData$CmcdObject$Builder: com.google.common.collect.ImmutableList access$600(androidx.media3.exoplayer.upstream.CmcdData$CmcdObject$Builder)
androidx.window.reflection.ReflectionUtils$validateImplementation$1$1: java.lang.Object invoke()
coil3.request.ImageRequest: coil3.request.ImageRequest$Builder newBuilder$default(coil3.request.ImageRequest,android.content.Context,int,java.lang.Object)
androidx.media3.exoplayer.video.spherical.SceneRenderer: void setProjection(byte[],int,long)
androidx.recyclerview.widget.RecyclerView$ViewHolder: boolean wasReturnedFromScrap()
androidx.window.embedding.RuleController: java.util.Set parseRules(android.content.Context,int)
coil3.disk.RealDiskCache: coil3.disk.DiskCache$Editor openEditor(java.lang.String)
androidx.media3.extractor.flac.FlacExtractor: int readFrames(androidx.media3.extractor.ExtractorInput,androidx.media3.extractor.PositionHolder)
androidx.media3.extractor.text.pgs.PgsParser$CueBuilder: void parseBitmapSection(androidx.media3.common.util.ParsableByteArray,int)
androidx.media3.exoplayer.mediacodec.AsynchronousMediaCodecBufferEnqueuer: void maybeThrowException()
androidx.media3.exoplayer.source.MediaPeriod: boolean continueLoading(androidx.media3.exoplayer.LoadingInfo)
androidx.media3.common.util.LongArray: long get(int)
androidx.media3.extractor.avi.ChunkReader: long getFrameDurationUs()
coil3.util.Utils_androidKt: int getWidth(android.graphics.drawable.Drawable)
androidx.media3.exoplayer.source.MaskingMediaSource$MaskingTimeline: androidx.media3.common.Timeline$Window getWindow(int,androidx.media3.common.Timeline$Window,long)
androidx.appcompat.widget.AppCompatTextView: void setTextClassifier(android.view.textclassifier.TextClassifier)